# JRE version: Java(TM) SE Runtime Environment (21.0.9+7) (build 21.0.9+7-LTS-338)
# Java VM: Java HotSpot(TM) 64-Bit Server VM (21.0.9+7-LTS-338, mixed mode, sharing, tiered, compressed oops, compressed class ptrs, g1 gc, windows-amd64)
GC Precious Log:
 CardTable entry size: 512
 Card Set container configuration: InlinePtr #cards 4 size 8 Array Of Cards #cards 32 size 80 Howl #buckets 8 coarsen threshold 7372 Howl Bitmap #cards 1024 size 144 coarsen threshold 921 Card regions per heap region 1 cards per card region 8192
 CPUs: 20 total, 20 available
 Memory: 32530M
 Large Page Support: Disabled
 NUMA Support: Disabled
 Compressed Oops: Enabled (Zero based)
 Heap Region Size: 4M
 Heap Min Capacity: 8M
 Heap Initial Capacity: 512M
 Heap Max Capacity: 8136M
 Pre-touch: Disabled
 Parallel Workers: 15
 Concurrent Workers: 4
 Concurrent Refinement Workers: 15
 Periodic GC: Disabled
Heap:
 garbage-first heap   total 905216K, used 335199K [0x0000000603800000, 0x0000000800000000)
  region size 4096K, 14 young (57344K), 8 survivors (32768K)
 Metaspace       used 3671K, committed 3968K, reserved 1114112K
  class space    used 162K, committed 320K, reserved 1048576K
GC Heap History (20 events):
Event: 16299.104 GC heap before
{Heap before GC invocations=192 (full 0):
 garbage-first heap   total 905216K, used 526984K [0x0000000603800000, 0x0000000800000000)
  region size 4096K, 57 young (233472K), 9 survivors (36864K)
 Metaspace       used 3661K, committed 3968K, reserved 1114112K
  class space    used 162K, committed 320K, reserved 1048576K
}
Event: 16299.329 GC heap after
{Heap after GC invocations=193 (full 0):
 garbage-first heap   total 905216K, used 388515K [0x0000000603800000, 0x0000000800000000)
  region size 4096K, 8 young (32768K), 8 survivors (32768K)
 Metaspace       used 3661K, committed 3968K, reserved 1114112K
  class space    used 162K, committed 320K, reserved 1048576K
}
Event: 16390.863 GC heap before
{Heap before GC invocations=193 (full 0):
 garbage-first heap   total 905216K, used 638371K [0x0000000603800000, 0x0000000800000000)
  region size 4096K, 69 young (282624K), 8 survivors (32768K)
 Metaspace       used 3661K, committed 3968K, reserved 1114112K
  class space    used 162K, committed 320K, reserved 1048576K
}
Event: 16391.166 GC heap after
{Heap after GC invocations=194 (full 0):
 garbage-first heap   total 905216K, used 437985K [0x0000000603800000, 0x0000000800000000)
  region size 4096K, 9 young (36864K), 9 survivors (36864K)
 Metaspace       used 3661K, committed 3968K, reserved 1114112K
  class space    used 162K, committed 320K, reserved 1048576K
}
Event: 16559.551 GC heap before
{Heap before GC invocations=194 (full 0):
 garbage-first heap   total 905216K, used 671457K [0x0000000603800000, 0x0000000800000000)
  region size 4096K, 66 young (270336K), 9 survivors (36864K)
 Metaspace       used 3661K, committed 3968K, reserved 1114112K
  class space    used 162K, committed 320K, reserved 1048576K
}
Event: 16559.835 GC heap after
{Heap after GC invocations=195 (full 0):
 garbage-first heap   total 905216K, used 511616K [0x0000000603800000, 0x0000000800000000)
  region size 4096K, 9 young (36864K), 9 survivors (36864K)
 Metaspace       used 3661K, committed 3968K, reserved 1114112K
  class space    used 162K, committed 320K, reserved 1048576K
}
Event: 16663.940 GC heap before
{Heap before GC invocations=196 (full 0):
 garbage-first heap   total 905216K, used 519808K [0x0000000603800000, 0x0000000800000000)
  region size 4096K, 57 young (233472K), 9 survivors (36864K)
 Metaspace       used 3661K, committed 3968K, reserved 1114112K
  class space    used 162K, committed 320K, reserved 1048576K
}
Event: 16664.177 GC heap after
{Heap after GC invocations=197 (full 0):
 garbage-first heap   total 905216K, used 379524K [0x0000000603800000, 0x0000000800000000)
  region size 4096K, 8 young (32768K), 8 survivors (32768K)
 Metaspace       used 3661K, committed 3968K, reserved 1114112K
  class space    used 162K, committed 320K, reserved 1048576K
}
Event: 16800.115 GC heap before
{Heap before GC invocations=197 (full 0):
 garbage-first heap   total 905216K, used 637572K [0x0000000603800000, 0x0000000800000000)
  region size 4096K, 71 young (290816K), 8 survivors (32768K)
 Metaspace       used 3661K, committed 3968K, reserved 1114112K
  class space    used 162K, committed 320K, reserved 1048576K
}
Event: 16800.424 GC heap after
{Heap after GC invocations=198 (full 0):
 garbage-first heap   total 905216K, used 446464K [0x0000000603800000, 0x0000000800000000)
  region size 4096K, 9 young (36864K), 9 survivors (36864K)
 Metaspace       used 3661K, committed 3968K, reserved 1114112K
  class space    used 162K, committed 320K, reserved 1048576K
}
Event: 16924.517 GC heap before
{Heap before GC invocations=198 (full 0):
 garbage-first heap   total 905216K, used 675840K [0x0000000603800000, 0x0000000800000000)
  region size 4096K, 65 young (266240K), 9 survivors (36864K)
 Metaspace       used 3661K, committed 3968K, reserved 1114112K
  class space    used 162K, committed 320K, reserved 1048576K
}
Event: 16924.776 GC heap after
{Heap after GC invocations=199 (full 0):
 garbage-first heap   total 905216K, used 514897K [0x0000000603800000, 0x0000000800000000)
  region size 4096K, 9 young (36864K), 9 survivors (36864K)
 Metaspace       used 3661K, committed 3968K, reserved 1114112K
  class space    used 162K, committed 320K, reserved 1048576K
}
Event: 17055.409 GC heap before
{Heap before GC invocations=199 (full 0):
 garbage-first heap   total 905216K, used 707409K [0x0000000603800000, 0x0000000800000000)
  region size 4096K, 56 young (229376K), 9 survivors (36864K)
 Metaspace       used 3661K, committed 3968K, reserved 1114112K
  class space    used 162K, committed 320K, reserved 1048576K
}
Event: 17055.646 GC heap after
{Heap after GC invocations=200 (full 0):
 garbage-first heap   total 905216K, used 570232K [0x0000000603800000, 0x0000000800000000)
  region size 4096K, 7 young (28672K), 7 survivors (28672K)
 Metaspace       used 3661K, committed 3968K, reserved 1114112K
  class space    used 162K, committed 320K, reserved 1048576K
}
Event: 17122.134 GC heap before
{Heap before GC invocations=201 (full 0):
 garbage-first heap   total 905216K, used 533368K [0x0000000603800000, 0x0000000800000000)
  region size 4096K, 47 young (192512K), 7 survivors (28672K)
 Metaspace       used 3670K, committed 3968K, reserved 1114112K
  class space    used 162K, committed 320K, reserved 1048576K
}
Event: 17122.343 GC heap after
{Heap after GC invocations=202 (full 0):
 garbage-first heap   total 905216K, used 418580K [0x0000000603800000, 0x0000000800000000)
  region size 4096K, 6 young (24576K), 6 survivors (24576K)
 Metaspace       used 3670K, committed 3968K, reserved 1114112K
  class space    used 162K, committed 320K, reserved 1048576K
}
Event: 17208.513 GC heap before
{Heap before GC invocations=202 (full 0):
 garbage-first heap   total 905216K, used 660244K [0x0000000603800000, 0x0000000800000000)
  region size 4096K, 65 young (266240K), 6 survivors (24576K)
 Metaspace       used 3671K, committed 3968K, reserved 1114112K
  class space    used 162K, committed 320K, reserved 1048576K
}
Event: 17208.801 GC heap after
{Heap after GC invocations=203 (full 0):
 garbage-first heap   total 905216K, used 469633K [0x0000000603800000, 0x0000000800000000)
  region size 4096K, 9 young (36864K), 9 survivors (36864K)
 Metaspace       used 3671K, committed 3968K, reserved 1114112K
  class space    used 162K, committed 320K, reserved 1048576K
}
Event: 17315.659 GC heap before
{Heap before GC invocations=203 (full 0):
 garbage-first heap   total 905216K, used 686721K [0x0000000603800000, 0x0000000800000000)
  region size 4096K, 62 young (253952K), 9 survivors (36864K)
 Metaspace       used 3671K, committed 3968K, reserved 1114112K
  class space    used 162K, committed 320K, reserved 1048576K
}
Event: 17315.934 GC heap after
{Heap after GC invocations=204 (full 0):
 garbage-first heap   total 905216K, used 535903K [0x0000000603800000, 0x0000000800000000)
  region size 4096K, 8 young (32768K), 8 survivors (32768K)
 Metaspace       used 3671K, committed 3968K, reserved 1114112K
  class space    used 162K, committed 320K, reserved 1048576K
}

