# JRE version: Java(TM) SE Runtime Environment (21.0.9+7) (build 21.0.9+7-LTS-338)
# Java VM: Java HotSpot(TM) 64-Bit Server VM (21.0.9+7-LTS-338, mixed mode, sharing, tiered, compressed oops, compressed class ptrs, g1 gc, windows-amd64)
GC Precious Log:
 CardTable entry size: 512
 Card Set container configuration: InlinePtr #cards 4 size 8 Array Of Cards #cards 32 size 80 Howl #buckets 8 coarsen threshold 7372 Howl Bitmap #cards 1024 size 144 coarsen threshold 921 Card regions per heap region 1 cards per card region 8192
 CPUs: 20 total, 20 available
 Memory: 32530M
 Large Page Support: Disabled
 NUMA Support: Disabled
 Compressed Oops: Enabled (Zero based)
 Heap Region Size: 4M
 Heap Min Capacity: 8M
 Heap Initial Capacity: 512M
 Heap Max Capacity: 8136M
 Pre-touch: Disabled
 Parallel Workers: 15
 Concurrent Workers: 4
 Concurrent Refinement Workers: 15
 Periodic GC: Disabled
Heap:
 garbage-first heap   total 524288K, used 98304K [0x0000000603800000, 0x0000000800000000)
  region size 4096K, 8 young (32768K), 3 survivors (12288K)
 Metaspace       used 3466K, committed 3712K, reserved 1114112K
  class space    used 184K, committed 320K, reserved 1048576K
GC Heap History (12 events):
Event: 0.224 GC heap before
{Heap before GC invocations=0 (full 0):
 garbage-first heap   total 524288K, used 24576K [0x0000000603800000, 0x0000000800000000)
  region size 4096K, 6 young (24576K), 0 survivors (0K)
 Metaspace       used 1979K, committed 2240K, reserved 1114112K
  class space    used 131K, committed 256K, reserved 1048576K
}
Event: 0.227 GC heap after
{Heap after GC invocations=1 (full 0):
 garbage-first heap   total 524288K, used 3015K [0x0000000603800000, 0x0000000800000000)
  region size 4096K, 1 young (4096K), 1 survivors (4096K)
 Metaspace       used 1979K, committed 2240K, reserved 1114112K
  class space    used 131K, committed 256K, reserved 1048576K
}
Event: 18.790 GC heap before
{Heap before GC invocations=1 (full 0):
 garbage-first heap   total 524288K, used 35783K [0x0000000603800000, 0x0000000800000000)
  region size 4096K, 9 young (36864K), 1 survivors (4096K)
 Metaspace       used 3425K, committed 3712K, reserved 1114112K
  class space    used 183K, committed 320K, reserved 1048576K
}
Event: 18.856 GC heap after
{Heap after GC invocations=2 (full 0):
 garbage-first heap   total 524288K, used 16351K [0x0000000603800000, 0x0000000800000000)
  region size 4096K, 2 young (8192K), 2 survivors (8192K)
 Metaspace       used 3425K, committed 3712K, reserved 1114112K
  class space    used 183K, committed 320K, reserved 1048576K
}
Event: 52.849 GC heap before
{Heap before GC invocations=2 (full 0):
 garbage-first heap   total 524288K, used 65503K [0x0000000603800000, 0x0000000800000000)
  region size 4096K, 14 young (57344K), 2 survivors (8192K)
 Metaspace       used 3441K, committed 3712K, reserved 1114112K
  class space    used 183K, committed 320K, reserved 1048576K
}
Event: 52.919 GC heap after
{Heap after GC invocations=3 (full 0):
 garbage-first heap   total 524288K, used 34700K [0x0000000603800000, 0x0000000800000000)
  region size 4096K, 2 young (8192K), 2 survivors (8192K)
 Metaspace       used 3441K, committed 3712K, reserved 1114112K
  class space    used 183K, committed 320K, reserved 1048576K
}
Event: 75.482 GC heap before
{Heap before GC invocations=3 (full 0):
 garbage-first heap   total 524288K, used 71564K [0x0000000603800000, 0x0000000800000000)
  region size 4096K, 11 young (45056K), 2 survivors (8192K)
 Metaspace       used 3448K, committed 3712K, reserved 1114112K
  class space    used 183K, committed 320K, reserved 1048576K
}
Event: 75.523 GC heap after
{Heap after GC invocations=4 (full 0):
 garbage-first heap   total 524288K, used 44727K [0x0000000603800000, 0x0000000800000000)
  region size 4096K, 2 young (8192K), 2 survivors (8192K)
 Metaspace       used 3448K, committed 3712K, reserved 1114112K
  class space    used 183K, committed 320K, reserved 1048576K
}
Event: 104.752 GC heap before
{Heap before GC invocations=4 (full 0):
 garbage-first heap   total 524288K, used 89783K [0x0000000603800000, 0x0000000800000000)
  region size 4096K, 13 young (53248K), 2 survivors (8192K)
 Metaspace       used 3455K, committed 3712K, reserved 1114112K
  class space    used 183K, committed 320K, reserved 1048576K
}
Event: 104.807 GC heap after
{Heap after GC invocations=5 (full 0):
 garbage-first heap   total 524288K, used 58342K [0x0000000603800000, 0x0000000800000000)
  region size 4096K, 2 young (8192K), 2 survivors (8192K)
 Metaspace       used 3455K, committed 3712K, reserved 1114112K
  class space    used 183K, committed 320K, reserved 1048576K
}
Event: 164.904 GC heap before
{Heap before GC invocations=5 (full 0):
 garbage-first heap   total 524288K, used 123878K [0x0000000603800000, 0x0000000800000000)
  region size 4096K, 18 young (73728K), 2 survivors (8192K)
 Metaspace       used 3466K, committed 3712K, reserved 1114112K
  class space    used 184K, committed 320K, reserved 1048576K
}
Event: 164.991 GC heap after
{Heap after GC invocations=6 (full 0):
 garbage-first heap   total 524288K, used 81920K [0x0000000603800000, 0x0000000800000000)
  region size 4096K, 3 young (12288K), 3 survivors (12288K)
 Metaspace       used 3466K, committed 3712K, reserved 1114112K
  class space    used 184K, committed 320K, reserved 1048576K
}

